----- 2025-04-18 13:43:30 -----
CPU Usage: 6.2%
Memory Usage: 12.1632%
Disk Usage (root): 20%

Top 5 Memory-consuming Processes:
    PID    PPID CMD                         %MEM %CPU
   2164       1 /usr/bin/amazon-ssm-agent    2.0  0.4
      1       0 /usr/lib/systemd/systemd --  1.7  0.5
   1779       1 /usr/lib/systemd/systemd-re  1.5  0.0
   1096       1 /usr/lib/systemd/systemd-jo  1.5  0.0
   2317       1 /usr/lib/systemd/systemd --  1.3  0.0
----------------------------

----- 2025-04-18 13:59:41 -----
CPU Usage: 6.2%
Memory Usage: 14.4438%
Disk Usage (root): 20%

Top 5 Memory-consuming Processes:
    PID    PPID CMD                         %MEM %CPU
   2164       1 /usr/bin/amazon-ssm-agent    1.8  0.0
      1       0 /usr/lib/systemd/systemd --  1.8  0.1
   1096       1 /usr/lib/systemd/systemd-jo  1.5  0.0
   1779       1 /usr/lib/systemd/systemd-re  1.5  0.0
   2317       1 /usr/lib/systemd/systemd --  1.3  0.0
----------------------------

